2025-09-08T00:11:54: 
> inventory-system@0.1.0 start
> next start

2025-09-08T00:11:54: 2025-09-08T00:11:56: 
> inventory-system@0.1.0 start
> next start

2025-09-08T00:11:56: 2025-09-08T00:11:57: 
> inventory-system@0.1.0 start
> next start

2025-09-08T00:11:57: 2025-09-08T00:11:58: 
> inventory-system@0.1.0 start
> next start

2025-09-08T00:11:58: 2025-09-08T00:12:00: 
> inventory-system@0.1.0 start
> next start

2025-09-08T00:12:00: 2025-09-08T00:12:01: 
> inventory-system@0.1.0 start
> next start

2025-09-08T00:12:01: 2025-09-08T00:12:01: 2025-09-08T00:12:02: 
> inventory-system@0.1.0 start
> next start

2025-09-08T00:12:02: 2025-09-08T00:12:02: 2025-09-08T00:12:04: 
> inventory-system@0.1.0 start
> next start

2025-09-08T00:12:04: 2025-09-08T00:12:05: 
> inventory-system@0.1.0 start
> next start

2025-09-08T00:12:05: 2025-09-08T00:12:06: 
> inventory-system@0.1.0 start
> next start

2025-09-08T00:12:06: 2025-09-08T08:48:23: 
> inventory-system@0.1.0 start
> next start

2025-09-08T08:48:23: 2025-09-08T08:48:24: 
> inventory-system@0.1.0 start
> next start

2025-09-08T08:48:25: 2025-09-08T08:48:26: 
> inventory-system@0.1.0 start
> next start

2025-09-08T08:48:26: 2025-09-08T08:48:27: 
> inventory-system@0.1.0 start
> next start

2025-09-08T08:48:28: 2025-09-08T08:48:29: 
> inventory-system@0.1.0 start
> next start

2025-09-08T08:48:29: 2025-09-08T08:48:30: 
> inventory-system@0.1.0 start
> next start

2025-09-08T08:48:30: 2025-09-08T08:48:32: 
> inventory-system@0.1.0 start
> next start

2025-09-08T08:48:32: 2025-09-08T08:48:33: 
> inventory-system@0.1.0 start
> next start

2025-09-08T08:48:33: 2025-09-08T08:48:34: 
> inventory-system@0.1.0 start
> next start

2025-09-08T08:48:34: 2025-09-08T08:48:36: 
> inventory-system@0.1.0 start
> next start

2025-09-08T08:48:36: 