2025-09-08T00:11:54: 
> inventory-system@0.1.0 start
> next start

2025-09-08T08:48:23: 
> inventory-system@0.1.0 start
> next start

2025-09-08T08:48:23: 2025-09-08T08:48:24: 
> inventory-system@0.1.0 start
> next start

2025-09-08T08:48:25: 2025-09-08T08:48:26: 
> inventory-system@0.1.0 start
> next start

2025-09-08T08:48:26: 2025-09-08T08:48:27: 
> inventory-system@0.1.0 start
> next start

2025-09-08T08:48:27: 2025-09-08T08:48:27: 2025-09-08T08:48:29: 
> inventory-system@0.1.0 start
> next start

2025-09-08T08:48:29: 2025-09-08T08:48:30: 
> inventory-system@0.1.0 start
> next start

2025-09-08T08:48:30: 2025-09-08T08:48:31: 
> inventory-system@0.1.0 start
> next start

2025-09-08T08:48:32: 2025-09-08T08:48:32: 2025-09-08T08:48:33: 
> inventory-system@0.1.0 start
> next start

2025-09-08T08:48:33: 2025-09-08T08:48:34: 
> inventory-system@0.1.0 start
> next start

2025-09-08T08:48:34: 2025-09-08T08:48:35: 
> inventory-system@0.1.0 start
> next start

2025-09-08T08:48:36: 2025-09-08T08:48:37: 
> inventory-system@0.1.0 start
> next start

2025-09-08T08:48:37: 2025-09-08T08:48:38: 
> inventory-system@0.1.0 start
> next start

2025-09-08T08:48:38: 2025-09-08T08:48:40: 
> inventory-system@0.1.0 start
> next start

2025-09-08T08:48:40: 2025-09-08T08:48:41: 
> inventory-system@0.1.0 start
> next start

2025-09-08T08:48:41: 2025-09-08T08:48:42: 
> inventory-system@0.1.0 start
> next start

2025-09-08T08:48:42: 2025-09-08T08:48:43: 
> inventory-system@0.1.0 start
> next start

2025-09-08T08:48:44: 2025-09-08T08:48:45: 
> inventory-system@0.1.0 start
> next start

2025-09-08T08:48:45: 2025-09-08T08:48:46: 
> inventory-system@0.1.0 start
> next start

2025-09-08T08:48:46: 2025-09-08T08:48:46: 2025-09-08T08:48:47: 
> inventory-system@0.1.0 start
> next start

2025-09-08T08:48:47: 2025-09-08T08:48:49: 
> inventory-system@0.1.0 start
> next start

2025-09-08T08:48:49: 2025-09-08T08:48:50: 
> inventory-system@0.1.0 start
> next start

2025-09-08T08:48:50: 2025-09-08T08:48:51: 
> inventory-system@0.1.0 start
> next start

2025-09-08T08:48:51: 2025-09-08T08:48:56: 
> inventory-system@0.1.0 start
> next start

2025-09-08T08:48:56: 2025-09-08T08:48:57: 
> inventory-system@0.1.0 start
> next start

2025-09-08T08:48:58: 2025-09-08T08:48:59: 
> inventory-system@0.1.0 start
> next start

2025-09-08T08:48:59: 2025-09-08T08:49:00: 
> inventory-system@0.1.0 start
> next start

2025-09-08T08:49:00: 2025-09-08T08:49:01: 
> inventory-system@0.1.0 start
> next start

2025-09-08T08:49:02: 2025-09-08T08:49:02: 2025-09-08T08:49:03: 
> inventory-system@0.1.0 start
> next start

2025-09-08T08:49:03: 2025-09-08T08:49:04: 
> inventory-system@0.1.0 start
> next start

2025-09-08T08:49:05: 2025-09-08T08:49:05: 2025-09-08T08:49:06: 
> inventory-system@0.1.0 start
> next start

2025-09-08T08:49:06: 2025-09-08T08:49:07: 
> inventory-system@0.1.0 start
> next start

2025-09-08T08:49:07: 2025-09-08T08:49:08: 
> inventory-system@0.1.0 start
> next start

2025-09-08T08:49:08: 2025-09-08T08:49:08: 2025-09-08T08:49:10: 
> inventory-system@0.1.0 start
> next start

2025-09-08T08:49:10: 2025-09-08T08:49:11: 
> inventory-system@0.1.0 start
> next start

2025-09-08T08:49:11: 2025-09-08T08:49:12: 
> inventory-system@0.1.0 start
> next start

2025-09-08T08:49:12: 2025-09-08T08:49:13: 
> inventory-system@0.1.0 start
> next start

2025-09-08T08:49:14: 2025-09-08T08:49:15: 
> inventory-system@0.1.0 start
> next start

2025-09-08T08:49:15: 2025-09-08T08:49:16: 
> inventory-system@0.1.0 start
> next start

2025-09-08T08:49:16: 2025-09-08T08:49:17: 
> inventory-system@0.1.0 start
> next start

2025-09-08T08:49:17: 2025-09-08T08:49:19: 
> inventory-system@0.1.0 start
> next start

2025-09-08T08:49:19: 2025-09-08T08:49:20: 
> inventory-system@0.1.0 start
> next start

2025-09-08T08:49:20: 2025-09-08T08:49:21: 
> inventory-system@0.1.0 start
> next start

2025-09-08T08:49:21: 2025-09-08T08:49:22: 
> inventory-system@0.1.0 start
> next start

2025-09-08T08:49:23: 2025-09-08T08:49:24: 
> inventory-system@0.1.0 start
> next start

2025-09-08T08:49:24: 2025-09-08T08:49:25: 
> inventory-system@0.1.0 start
> next start

2025-09-08T08:49:25: 2025-09-08T08:49:26: 
> inventory-system@0.1.0 start
> next start

2025-09-08T08:49:26: 2025-09-08T08:49:28: 
> inventory-system@0.1.0 start
> next start

2025-09-08T08:49:28: 2025-09-08T08:49:29: 
> inventory-system@0.1.0 start
> next start

2025-09-08T08:49:29: 2025-09-08T08:49:30: 
> inventory-system@0.1.0 start
> next start

2025-09-08T08:49:30: 2025-09-08T08:49:30: 2025-09-08T08:49:31: 
> inventory-system@0.1.0 start
> next start

2025-09-08T08:49:32: 